<?xml version="1.0" encoding="UTF-8"?>
<!-- Generated by org.testng.reporters.JUnitReportReporter -->
<testsuite hostname="DESKTOP-UNTQK3F" failures="0" tests="1" name="com.omrbranch.Swag" time="4.550" errors="0" timestamp="05 Nov 2024 11:13:28 GMT" skipped="0">
  <testcase classname="com.omrbranch.Swag" name="login" time="4.550"/>
</testsuite> <!-- com.omrbranch.Swag -->
