<?xml version="1.0" encoding="UTF-8"?>
<!-- Generated by org.testng.reporters.JUnitReportReporter -->
<testsuite hostname="DESKTOP-UNTQK3F" failures="0" tests="1" name="com.omrbranch.Address.Sampp" time="3.978" errors="0" timestamp="05 Nov 2024 12:39:53 GMT" skipped="0">
  <testcase classname="com.omrbranch.Address.Sampp" name="getStateList" time="3.978"/>
</testsuite> <!-- com.omrbranch.Address.Sampp -->
