<?xml version="1.0" encoding="UTF-8"?>
<!-- Generated by org.testng.reporters.JUnitReportReporter -->
<testsuite hostname="DESKTOP-UNTQK3F" failures="0" tests="6" name="com.omrbranch.T" time="9.676" errors="0" timestamp="25 Oct 2024 03:18:31 GMT" skipped="0">
  <testcase classname="com.omrbranch.T" name="createFlight" time="5.220"/>
  <testcase classname="com.omrbranch.T" name="singleFlight" time="0.535"/>
  <testcase classname="com.omrbranch.T" name="update" time="0.723"/>
  <testcase classname="com.omrbranch.T" name="updateFlight" time="1.048"/>
  <testcase classname="com.omrbranch.T" name="delete" time="1.112"/>
  <testcase classname="com.omrbranch.T" name="getListFlights" time="1.038"/>
</testsuite> <!-- com.omrbranch.T -->
